2021-11-30 19:13:27 -  - exec CUpdateClientPartner::__CollectRequestData
2021-11-30 19:13:27 -  - exec CUpdateClientPartner::GetHTTPPage
2021-11-30 19:13:28 -  - exec CUpdateClientPartner::ParseServerData
2021-11-30 19:13:28 -  - exec CUpdateClientPartner::GetUpdatesList
2021-11-30 19:13:28 -  - exec CUpdateClientPartner::__CollectRequestData
2021-11-30 19:13:28 -  - utf=Y&lang=ru&stable=Y&CANGZIP=Y&SUPD_DBS=MYSQL&XE=N&CLIENT_SITE=test.cvetopttorg.spb.ru&LICENSE_KEY=X&SUPD_STS=1&SUPD_URS=0&SUPD_URSA=1&TYPENC=E&CLIENT_PHPVER=7.4.25&NGINX=Y&dbv=5.7.31&instm=main%2C21.400.100%2CN%3Bpull%2C21.200.0%2CN%3Bsender%2C21.100.100%2CN%3Bforum%2C21.100.0%2CN%3Bstoreassist%2C21.0.0%2CN%3Bbitrix.eshop%2C21.0.100%2CN%3Breport%2C21.100.0%2CN%3Babtest%2C21.0.0%2CN%3Bconversion%2C21.0.0%2CN%3Biblock%2C21.400.100%2CN%3Bmobileapp%2C21.0.50%2CN%3Bb24connector%2C21.0.0%2CN%3Brest%2C21.200.0%2CN%3Bui%2C21.300.0%2CN%3Bseo%2C21.300.0%2CN%3Bmessageservice%2C21.100.0%2CN%3Bform%2C21.0.0%2CN%3Bperfmon%2C21.0.0%2CN%3Bsecurity%2C21.0.0%2CN%3Bsale%2C21.400.0%2CN%3Bhighloadblock%2C21.100.0%2CN%3Bblog%2C21.200.0%2CN%3Bsubscribe%2C21.0.0%2CN%3Bclouds%2C21.100.0%2CN%3Blanding%2C21.300.300%2CN%3Bbitrixcloud%2C21.0.0%2CN%3Bfileman%2C21.200.0%2CN%3Bcatalog%2C21.200.0%2CN%3Bsocialservices%2C21.100.0%2CN%3Bvote%2C21.0.0%2CN%3Bscale%2C21.0.0%2CN%3Bbitrix.sitecorporate%2C15.5.0%2CN%3Btranslate%2C21.100.0%2CN%3Bphotogallery%2C21.0.0%2CN%3Bsearch%2C21.0.100%2CN%3Bcurrency%2C21.100.0%2CN&reqm=bitrix.eshop%2Cbitrix.sitecorporate&fullmoduleinfo=Y&SUPD_SRS=RU&SUPD_CMP=N
2021-11-30 19:13:28 -  - exec CUpdateClientPartner::GetHTTPPage
2021-11-30 19:13:28 -  - TIME GetUpdatesList(request) 0.198 sec
2021-11-30 19:13:28 -  - exec CUpdateClientPartner::ParseServerData
2021-11-30 19:13:28 -  - exec CUpdateClientPartner::__CollectRequestData
2021-11-30 19:13:28 -  - exec CUpdateClientPartner::GetHTTPPage
2021-11-30 19:13:28 -  - exec CUpdateClientPartner::ParseServerData
2021-11-30 19:17:17 -  - exec CUpdateClientPartner::GetUpdatesList
2021-11-30 19:17:17 -  - exec CUpdateClientPartner::__CollectRequestData
2021-11-30 19:17:17 -  - utf=Y&lang=ru&stable=Y&CANGZIP=Y&SUPD_DBS=MYSQL&XE=N&CLIENT_SITE=test.cvetopttorg.spb.ru&LICENSE_KEY=X&SUPD_STS=1&SUPD_URS=0&SUPD_URSA=1&TYPENC=E&CLIENT_PHPVER=7.4.25&NGINX=Y&dbv=5.7.31&instm=main%2C21.400.100%2CN%3Bpull%2C21.200.0%2CN%3Bsender%2C21.100.100%2CN%3Bforum%2C21.100.0%2CN%3Bstoreassist%2C21.0.0%2CN%3Bbitrix.eshop%2C21.0.100%2CN%3Breport%2C21.100.0%2CN%3Babtest%2C21.0.0%2CN%3Bconversion%2C21.0.0%2CN%3Biblock%2C21.400.100%2CN%3Bmobileapp%2C21.0.50%2CN%3Bb24connector%2C21.0.0%2CN%3Brest%2C21.200.0%2CN%3Bui%2C21.300.0%2CN%3Bseo%2C21.300.0%2CN%3Bmessageservice%2C21.100.0%2CN%3Bform%2C21.0.0%2CN%3Bperfmon%2C21.0.0%2CN%3Bsecurity%2C21.0.0%2CN%3Bsale%2C21.400.0%2CN%3Bhighloadblock%2C21.100.0%2CN%3Bblog%2C21.200.0%2CN%3Bsubscribe%2C21.0.0%2CN%3Bclouds%2C21.100.0%2CN%3Blanding%2C21.300.300%2CN%3Bbitrixcloud%2C21.0.0%2CN%3Bfileman%2C21.200.0%2CN%3Bcatalog%2C21.200.0%2CN%3Bsocialservices%2C21.100.0%2CN%3Bvote%2C21.0.0%2CN%3Bscale%2C21.0.0%2CN%3Bbitrix.sitecorporate%2C15.5.0%2CN%3Btranslate%2C21.100.0%2CN%3Bphotogallery%2C21.0.0%2CN%3Bsearch%2C21.0.100%2CN%3Bcurrency%2C21.100.0%2CN&reqm=bitrix.eshop%2Cbitrix.sitecorporate&fullmoduleinfo=Y&SUPD_SRS=RU&SUPD_CMP=N
2021-11-30 19:17:17 -  - exec CUpdateClientPartner::GetHTTPPage
2021-11-30 19:17:18 -  - TIME GetUpdatesList(request) 0.22 sec
2021-11-30 19:17:18 -  - exec CUpdateClientPartner::ParseServerData
2021-11-30 19:17:21 -  - exec CUpdateClientPartner::GetUpdatesList
2021-11-30 19:17:21 -  - exec CUpdateClientPartner::__CollectRequestData
2021-11-30 19:17:21 -  - utf=Y&lang=ru&stable=Y&CANGZIP=Y&SUPD_DBS=MYSQL&XE=N&CLIENT_SITE=test.cvetopttorg.spb.ru&LICENSE_KEY=X&SUPD_STS=1&SUPD_URS=0&SUPD_URSA=1&TYPENC=E&CLIENT_PHPVER=7.4.25&NGINX=Y&dbv=5.7.31&instm=main%2C21.400.100%2CN%3Bpull%2C21.200.0%2CN%3Bsender%2C21.100.100%2CN%3Bforum%2C21.100.0%2CN%3Bstoreassist%2C21.0.0%2CN%3Bbitrix.eshop%2C21.0.100%2CN%3Breport%2C21.100.0%2CN%3Babtest%2C21.0.0%2CN%3Bconversion%2C21.0.0%2CN%3Biblock%2C21.400.100%2CN%3Bmobileapp%2C21.0.50%2CN%3Bb24connector%2C21.0.0%2CN%3Brest%2C21.200.0%2CN%3Bui%2C21.300.0%2CN%3Bseo%2C21.300.0%2CN%3Bmessageservice%2C21.100.0%2CN%3Bform%2C21.0.0%2CN%3Bperfmon%2C21.0.0%2CN%3Bsecurity%2C21.0.0%2CN%3Bsale%2C21.400.0%2CN%3Bhighloadblock%2C21.100.0%2CN%3Bblog%2C21.200.0%2CN%3Bsubscribe%2C21.0.0%2CN%3Bclouds%2C21.100.0%2CN%3Blanding%2C21.300.300%2CN%3Bbitrixcloud%2C21.0.0%2CN%3Bfileman%2C21.200.0%2CN%3Bcatalog%2C21.200.0%2CN%3Bsocialservices%2C21.100.0%2CN%3Bvote%2C21.0.0%2CN%3Bscale%2C21.0.0%2CN%3Bbitrix.sitecorporate%2C15.5.0%2CN%3Btranslate%2C21.100.0%2CN%3Bphotogallery%2C21.0.0%2CN%3Bsearch%2C21.0.100%2CN%3Bcurrency%2C21.100.0%2CN&reqm=bitrix.eshop%2Cbitrix.sitecorporate&SUPD_SRS=RU&SUPD_CMP=N
2021-11-30 19:17:21 -  - exec CUpdateClientPartner::GetHTTPPage
2021-11-30 19:17:21 -  - TIME GetUpdatesList(request) 0.195 sec
2021-11-30 19:17:21 -  - exec CUpdateClientPartner::ParseServerData
2021-11-30 19:17:26 -  - exec CUpdateClientPartner::ActivateCoupon
2021-11-30 19:17:26 -  - exec CUpdateClientPartner::__CollectRequestData
2021-11-30 19:17:26 -  - utf=Y&lang=ru&stable=Y&CANGZIP=Y&SUPD_DBS=MYSQL&XE=N&CLIENT_SITE=test.cvetopttorg.spb.ru&LICENSE_KEY=X&SUPD_STS=1&SUPD_URS=0&SUPD_URSA=1&TYPENC=E&CLIENT_PHPVER=7.4.25&NGINX=Y&dbv=5.7.31&instm=main%2C21.400.100%2CN%3Bpull%2C21.200.0%2CN%3Bsender%2C21.100.100%2CN%3Bforum%2C21.100.0%2CN%3Bstoreassist%2C21.0.0%2CN%3Bbitrix.eshop%2C21.0.100%2CN%3Breport%2C21.100.0%2CN%3Babtest%2C21.0.0%2CN%3Bconversion%2C21.0.0%2CN%3Biblock%2C21.400.100%2CN%3Bmobileapp%2C21.0.50%2CN%3Bb24connector%2C21.0.0%2CN%3Brest%2C21.200.0%2CN%3Bui%2C21.300.0%2CN%3Bseo%2C21.300.0%2CN%3Bmessageservice%2C21.100.0%2CN%3Bform%2C21.0.0%2CN%3Bperfmon%2C21.0.0%2CN%3Bsecurity%2C21.0.0%2CN%3Bsale%2C21.400.0%2CN%3Bhighloadblock%2C21.100.0%2CN%3Bblog%2C21.200.0%2CN%3Bsubscribe%2C21.0.0%2CN%3Bclouds%2C21.100.0%2CN%3Blanding%2C21.300.300%2CN%3Bbitrixcloud%2C21.0.0%2CN%3Bfileman%2C21.200.0%2CN%3Bcatalog%2C21.200.0%2CN%3Bsocialservices%2C21.100.0%2CN%3Bvote%2C21.0.0%2CN%3Bscale%2C21.0.0%2CN%3Bbitrix.sitecorporate%2C15.5.0%2CN%3Btranslate%2C21.100.0%2CN%3Bphotogallery%2C21.0.0%2CN%3Bsearch%2C21.0.100%2CN%3Bcurrency%2C21.100.0%2CN&SUPD_SRS=RU&SUPD_CMP=N&coupon=MPX-PRYWJXHU81-YGWITBL655&query_type=coupon
2021-11-30 19:17:26 -  - exec CUpdateClientPartner::GetHTTPPage
2021-11-30 19:17:26 -  - TIME ActivateCoupon(request) 0.168 sec
2021-11-30 19:17:26 -  - exec CUpdateClientPartner::ParseServerData
2021-11-30 19:17:26 - UPD_SUCCESS - Coupon activated
2021-11-30 19:17:27 -  - exec CUpdateClientPartner::GetUpdatesList
2021-11-30 19:17:27 -  - exec CUpdateClientPartner::__CollectRequestData
2021-11-30 19:17:27 -  - utf=Y&lang=ru&stable=Y&CANGZIP=Y&SUPD_DBS=MYSQL&XE=N&CLIENT_SITE=test.cvetopttorg.spb.ru&LICENSE_KEY=X&SUPD_STS=1&SUPD_URS=0&SUPD_URSA=1&TYPENC=E&CLIENT_PHPVER=7.4.25&NGINX=Y&dbv=5.7.31&instm=main%2C21.400.100%2CN%3Bpull%2C21.200.0%2CN%3Bsender%2C21.100.100%2CN%3Bforum%2C21.100.0%2CN%3Bstoreassist%2C21.0.0%2CN%3Bbitrix.eshop%2C21.0.100%2CN%3Breport%2C21.100.0%2CN%3Babtest%2C21.0.0%2CN%3Bconversion%2C21.0.0%2CN%3Biblock%2C21.400.100%2CN%3Bmobileapp%2C21.0.50%2CN%3Bb24connector%2C21.0.0%2CN%3Brest%2C21.200.0%2CN%3Bui%2C21.300.0%2CN%3Bseo%2C21.300.0%2CN%3Bmessageservice%2C21.100.0%2CN%3Bform%2C21.0.0%2CN%3Bperfmon%2C21.0.0%2CN%3Bsecurity%2C21.0.0%2CN%3Bsale%2C21.400.0%2CN%3Bhighloadblock%2C21.100.0%2CN%3Bblog%2C21.200.0%2CN%3Bsubscribe%2C21.0.0%2CN%3Bclouds%2C21.100.0%2CN%3Blanding%2C21.300.300%2CN%3Bbitrixcloud%2C21.0.0%2CN%3Bfileman%2C21.200.0%2CN%3Bcatalog%2C21.200.0%2CN%3Bsocialservices%2C21.100.0%2CN%3Bvote%2C21.0.0%2CN%3Bscale%2C21.0.0%2CN%3Bbitrix.sitecorporate%2C15.5.0%2CN%3Btranslate%2C21.100.0%2CN%3Bphotogallery%2C21.0.0%2CN%3Bsearch%2C21.0.100%2CN%3Bcurrency%2C21.100.0%2CN&reqm=bitrix.eshop%2Cbitrix.sitecorporate&SUPD_SRS=RU&SUPD_CMP=N
2021-11-30 19:17:27 -  - exec CUpdateClientPartner::GetHTTPPage
2021-11-30 19:17:28 -  - TIME GetUpdatesList(request) 0.205 sec
2021-11-30 19:17:28 -  - exec CUpdateClientPartner::ParseServerData
2021-11-30 19:17:32 -  - exec CUpdateClientPartner::LoadModulesUpdates
2021-11-30 19:17:32 -  - exec CUpdateClientPartner::__CollectRequestData
2021-11-30 19:17:32 -  - utf=Y&lang=ru&stable=Y&CANGZIP=Y&SUPD_DBS=MYSQL&XE=N&CLIENT_SITE=test.cvetopttorg.spb.ru&LICENSE_KEY=X&SUPD_STS=1&SUPD_URS=0&SUPD_URSA=1&TYPENC=E&CLIENT_PHPVER=7.4.25&NGINX=Y&dbv=5.7.31&instm=main%2C21.400.100%2CN%3Bpull%2C21.200.0%2CN%3Bsender%2C21.100.100%2CN%3Bforum%2C21.100.0%2CN%3Bstoreassist%2C21.0.0%2CN%3Bbitrix.eshop%2C21.0.100%2CN%3Breport%2C21.100.0%2CN%3Babtest%2C21.0.0%2CN%3Bconversion%2C21.0.0%2CN%3Biblock%2C21.400.100%2CN%3Bmobileapp%2C21.0.50%2CN%3Bb24connector%2C21.0.0%2CN%3Brest%2C21.200.0%2CN%3Bui%2C21.300.0%2CN%3Bseo%2C21.300.0%2CN%3Bmessageservice%2C21.100.0%2CN%3Bform%2C21.0.0%2CN%3Bperfmon%2C21.0.0%2CN%3Bsecurity%2C21.0.0%2CN%3Bsale%2C21.400.0%2CN%3Bhighloadblock%2C21.100.0%2CN%3Bblog%2C21.200.0%2CN%3Bsubscribe%2C21.0.0%2CN%3Bclouds%2C21.100.0%2CN%3Blanding%2C21.300.300%2CN%3Bbitrixcloud%2C21.0.0%2CN%3Bfileman%2C21.200.0%2CN%3Bcatalog%2C21.200.0%2CN%3Bsocialservices%2C21.100.0%2CN%3Bvote%2C21.0.0%2CN%3Bscale%2C21.0.0%2CN%3Bbitrix.sitecorporate%2C15.5.0%2CN%3Btranslate%2C21.100.0%2CN%3Bphotogallery%2C21.0.0%2CN%3Bsearch%2C21.0.100%2CN%3Bcurrency%2C21.100.0%2CN&reqm=webstudiosamovar.odsmarket&lim=Y&SUPD_SRS=RU&SUPD_CMP=N
2021-11-30 19:17:32 -  - exec CUpdateClientPartner::GetHTTPPage
2021-11-30 19:17:33 -  - TIME LoadModulesUpdates(request) 0.184 sec
2021-11-30 19:17:33 -  - exec CUpdateClientPartner::ParseServerData
2021-11-30 19:17:33 - S - STEP
2021-11-30 19:17:33 - LMU01 - LoadModulesUpdates-Step
2021-11-30 19:17:33 -  - exec CUpdateClientPartner::LoadModulesUpdates
2021-11-30 19:17:33 -  - exec CUpdateClientPartner::ParseServerData
2021-11-30 19:17:33 -  - loadFile
2021-11-30 19:17:56 - U - RETURN
2021-11-30 19:17:56 -  - exec CUpdateClientPartner::UnGzipArchive
2021-11-30 19:17:59 -  - TIME UnGzipArchive 2.829 sec
2021-11-30 19:18:02 -  - TIME UpdateStepModules 2.6 sec
2021-11-30 19:18:02 - UPD_SUCCESS - Updated: webstudiosamovar.odsmarket
2021-11-30 19:18:02 -  - exec CUpdateClientPartner::LoadModulesUpdates
2021-11-30 19:18:02 -  - exec CUpdateClientPartner::__CollectRequestData
2021-11-30 19:18:02 -  - utf=Y&lang=ru&stable=Y&CANGZIP=Y&SUPD_DBS=MYSQL&XE=N&CLIENT_SITE=test.cvetopttorg.spb.ru&LICENSE_KEY=X&SUPD_STS=1&SUPD_URS=0&SUPD_URSA=1&TYPENC=E&CLIENT_PHPVER=7.4.25&NGINX=Y&dbv=5.7.31&instm=main%2C21.400.100%2CN%3Bpull%2C21.200.0%2CN%3Bsender%2C21.100.100%2CN%3Bforum%2C21.100.0%2CN%3Bstoreassist%2C21.0.0%2CN%3Bbitrix.eshop%2C21.0.100%2CN%3Breport%2C21.100.0%2CN%3Babtest%2C21.0.0%2CN%3Bconversion%2C21.0.0%2CN%3Biblock%2C21.400.100%2CN%3Bmobileapp%2C21.0.50%2CN%3Bb24connector%2C21.0.0%2CN%3Brest%2C21.200.0%2CN%3Bui%2C21.300.0%2CN%3Bseo%2C21.300.0%2CN%3Bmessageservice%2C21.100.0%2CN%3Bform%2C21.0.0%2CN%3Bperfmon%2C21.0.0%2CN%3Bsecurity%2C21.0.0%2CN%3Bsale%2C21.400.0%2CN%3Bhighloadblock%2C21.100.0%2CN%3Bwebstudiosamovar.odsmarket%2C0.1.0%2CN%3Bblog%2C21.200.0%2CN%3Bsubscribe%2C21.0.0%2CN%3Bclouds%2C21.100.0%2CN%3Blanding%2C21.300.300%2CN%3Bbitrixcloud%2C21.0.0%2CN%3Bfileman%2C21.200.0%2CN%3Bcatalog%2C21.200.0%2CN%3Bsocialservices%2C21.100.0%2CN%3Bvote%2C21.0.0%2CN%3Bscale%2C21.0.0%2CN%3Bbitrix.sitecorporate%2C15.5.0%2CN%3Btranslate%2C21.100.0%2CN%3Bphotogallery%2C21.0.0%2CN%3Bsearch%2C21.0.100%2CN%3Bcurrency%2C21.100.0%2CN&reqm=webstudiosamovar.odsmarket&lim=Y&SUPD_SRS=RU&SUPD_CMP=N
2021-11-30 19:18:02 -  - exec CUpdateClientPartner::GetHTTPPage
2021-11-30 19:18:02 -  - TIME LoadModulesUpdates(request) 0.168 sec
2021-11-30 19:18:02 -  - exec CUpdateClientPartner::ParseServerData
2021-11-30 19:18:02 - STEP - Finish - NOUPDATES
2021-11-30 19:18:02 - STEP - Finish - NOUPDATES
2021-11-30 19:18:23 -  - exec CUpdateClientPartner::GetUpdatesList
2021-11-30 19:18:23 -  - exec CUpdateClientPartner::__CollectRequestData
2021-11-30 19:18:23 -  - utf=Y&lang=ru&stable=Y&CANGZIP=Y&SUPD_DBS=MYSQL&XE=N&CLIENT_SITE=test.cvetopttorg.spb.ru&LICENSE_KEY=X&SUPD_STS=1&SUPD_URS=0&SUPD_URSA=1&TYPENC=E&CLIENT_PHPVER=7.4.25&NGINX=Y&dbv=5.7.31&instm=main%2C21.400.100%2CN%3Bpull%2C21.200.0%2CN%3Bsender%2C21.100.100%2CN%3Bforum%2C21.100.0%2CN%3Bstoreassist%2C21.0.0%2CN%3Bbitrix.eshop%2C21.0.100%2CN%3Breport%2C21.100.0%2CN%3Babtest%2C21.0.0%2CN%3Bconversion%2C21.0.0%2CN%3Biblock%2C21.400.100%2CN%3Bmobileapp%2C21.0.50%2CN%3Bb24connector%2C21.0.0%2CN%3Brest%2C21.200.0%2CN%3Bui%2C21.300.0%2CN%3Bseo%2C21.300.0%2CN%3Bmessageservice%2C21.100.0%2CN%3Bform%2C21.0.0%2CN%3Bperfmon%2C21.0.0%2CN%3Bsecurity%2C21.0.0%2CN%3Bsale%2C21.400.0%2CN%3Bhighloadblock%2C21.100.0%2CN%3Bwebstudiosamovar.odsmarket%2C0.1.0%2CN%3Bblog%2C21.200.0%2CN%3Bsubscribe%2C21.0.0%2CN%3Bclouds%2C21.100.0%2CN%3Blanding%2C21.300.300%2CN%3Bbitrixcloud%2C21.0.0%2CN%3Bfileman%2C21.200.0%2CN%3Bcatalog%2C21.200.0%2CN%3Bsocialservices%2C21.100.0%2CN%3Bvote%2C21.0.0%2CN%3Bscale%2C21.0.0%2CN%3Bbitrix.sitecorporate%2C15.5.0%2CN%3Btranslate%2C21.100.0%2CN%3Bphotogallery%2C21.0.0%2CN%3Bsearch%2C21.0.100%2CN%3Bcurrency%2C21.100.0%2CN&reqm=bitrix.eshop%2Cwebstudiosamovar.odsmarket%2Cbitrix.sitecorporate&fullmoduleinfo=Y&SUPD_SRS=RU&SUPD_CMP=N
2021-11-30 19:18:23 -  - exec CUpdateClientPartner::GetHTTPPage
2021-11-30 19:18:23 -  - TIME GetUpdatesList(request) 0.199 sec
2021-11-30 19:18:23 -  - exec CUpdateClientPartner::ParseServerData
2021-11-30 19:18:24 -  - exec CUpdateClientPartner::GetUpdatesList
2021-11-30 19:18:24 -  - exec CUpdateClientPartner::__CollectRequestData
2021-11-30 19:18:24 -  - utf=Y&lang=ru&stable=Y&CANGZIP=Y&SUPD_DBS=MYSQL&XE=N&CLIENT_SITE=test.cvetopttorg.spb.ru&LICENSE_KEY=X&SUPD_STS=1&SUPD_URS=0&SUPD_URSA=1&TYPENC=E&CLIENT_PHPVER=7.4.25&NGINX=Y&dbv=5.7.31&instm=main%2C21.400.100%2CN%3Bpull%2C21.200.0%2CN%3Bsender%2C21.100.100%2CN%3Bforum%2C21.100.0%2CN%3Bstoreassist%2C21.0.0%2CN%3Bbitrix.eshop%2C21.0.100%2CN%3Breport%2C21.100.0%2CN%3Babtest%2C21.0.0%2CN%3Bconversion%2C21.0.0%2CN%3Biblock%2C21.400.100%2CN%3Bmobileapp%2C21.0.50%2CN%3Bb24connector%2C21.0.0%2CN%3Brest%2C21.200.0%2CN%3Bui%2C21.300.0%2CN%3Bseo%2C21.300.0%2CN%3Bmessageservice%2C21.100.0%2CN%3Bform%2C21.0.0%2CN%3Bperfmon%2C21.0.0%2CN%3Bsecurity%2C21.0.0%2CN%3Bsale%2C21.400.0%2CN%3Bhighloadblock%2C21.100.0%2CN%3Bwebstudiosamovar.odsmarket%2C0.1.0%2CN%3Bblog%2C21.200.0%2CN%3Bsubscribe%2C21.0.0%2CN%3Bclouds%2C21.100.0%2CN%3Blanding%2C21.300.300%2CN%3Bbitrixcloud%2C21.0.0%2CN%3Bfileman%2C21.200.0%2CN%3Bcatalog%2C21.200.0%2CN%3Bsocialservices%2C21.100.0%2CN%3Bvote%2C21.0.0%2CN%3Bscale%2C21.0.0%2CN%3Bbitrix.sitecorporate%2C15.5.0%2CN%3Btranslate%2C21.100.0%2CN%3Bphotogallery%2C21.0.0%2CN%3Bsearch%2C21.0.100%2CN%3Bcurrency%2C21.100.0%2CN&reqm=bitrix.eshop%2Cwebstudiosamovar.odsmarket%2Cbitrix.sitecorporate&fullmoduleinfo=Y&SUPD_SRS=RU&SUPD_CMP=N
2021-11-30 19:18:24 -  - exec CUpdateClientPartner::GetHTTPPage
2021-11-30 19:18:24 -  - TIME GetUpdatesList(request) 0.227 sec
2021-11-30 19:18:24 -  - exec CUpdateClientPartner::ParseServerData
2021-12-02 11:58:49 -  - exec CUpdateClientPartner::__CollectRequestData
2021-12-02 11:58:49 -  - exec CUpdateClientPartner::GetHTTPPage
2021-12-02 11:58:49 -  - exec CUpdateClientPartner::ParseServerData
2021-12-02 11:58:49 -  - exec CUpdateClientPartner::GetUpdatesList
2021-12-02 11:58:49 -  - exec CUpdateClientPartner::__CollectRequestData
2021-12-02 11:58:49 -  - utf=Y&lang=ru&stable=Y&CANGZIP=Y&SUPD_DBS=MYSQL&XE=N&CLIENT_SITE=test.cvetopttorg.spb.ru&LICENSE_KEY=X&SUPD_STS=1&SUPD_URS=0&SUPD_URSA=1&TYPENC=E&CLIENT_PHPVER=7.4.26&NGINX=Y&dbv=5.7.31&instm=main%2C21.850.900%2CN%3Bpull%2C22.0.0%2CN%3Bsender%2C21.400.0%2CN%3Bforum%2C21.300.100%2CN%3Bstoreassist%2C21.0.0%2CN%3Bbitrix.eshop%2C21.0.100%2CN%3Breport%2C21.200.0%2CN%3Babtest%2C21.0.0%2CN%3Bconversion%2C21.0.0%2CN%3Biblock%2C21.600.100%2CN%3Bmobileapp%2C21.0.100%2CN%3Bb24connector%2C21.100.0%2CN%3Brest%2C21.300.200%2CN%3Bui%2C21.700.100%2CN%3Bseo%2C21.400.0%2CN%3Bmessageservice%2C21.200.0%2CN%3Bform%2C21.0.0%2CN%3Bperfmon%2C21.0.0%2CN%3Bsecurity%2C21.100.100%2CN%3Bsale%2C21.600.200%2CN%3Bhighloadblock%2C21.100.0%2CN%3Bwebstudiosamovar.odsmarket%2C0.1.0%2CN%3Bblog%2C21.300.0%2CN%3Bsubscribe%2C21.0.0%2CN%3Bclouds%2C21.100.0%2CN%3Blanding%2C21.700.0%2CN%3Bbitrixcloud%2C21.0.0%2CN%3Bfileman%2C21.300.0%2CN%3Bcatalog%2C21.400.100%2CN%3Bsocialservices%2C21.300.0%2CN%3Bvote%2C21.0.0%2CN%3Bscale%2C21.0.0%2CN%3Bbitrix.sitecorporate%2C15.5.0%2CN%3Btranslate%2C21.100.0%2CN%3Bphotogallery%2C21.200.0%2CN%3Bsearch%2C21.0.100%2CN%3Bcurrency%2C21.200.0%2CN&reqm=bitrix.eshop%2Cwebstudiosamovar.odsmarket%2Cbitrix.sitecorporate&fullmoduleinfo=Y&SUPD_SRS=RU&SUPD_CMP=N
2021-12-02 11:58:49 -  - exec CUpdateClientPartner::GetHTTPPage
2021-12-02 11:58:49 -  - TIME GetUpdatesList(request) 0.184 sec
2021-12-02 11:58:49 -  - exec CUpdateClientPartner::ParseServerData
2021-12-02 11:58:49 -  - exec CUpdateClientPartner::__CollectRequestData
2021-12-02 11:58:49 -  - exec CUpdateClientPartner::GetHTTPPage
2021-12-02 11:58:50 -  - exec CUpdateClientPartner::ParseServerData
2021-12-03 12:34:24 -  - exec CUpdateClientPartner::__CollectRequestData
2021-12-03 12:34:24 -  - exec CUpdateClientPartner::GetHTTPPage
2021-12-03 12:34:25 -  - exec CUpdateClientPartner::ParseServerData
2021-12-03 12:34:25 -  - exec CUpdateClientPartner::GetUpdatesList
2021-12-03 12:34:25 -  - exec CUpdateClientPartner::__CollectRequestData
2021-12-03 12:34:25 -  - utf=Y&lang=ru&stable=Y&CANGZIP=Y&SUPD_DBS=MYSQL&XE=N&CLIENT_SITE=test.cvetopttorg.spb.ru&LICENSE_KEY=X&SUPD_STS=1&SUPD_URS=0&SUPD_URSA=1&TYPENC=E&CLIENT_PHPVER=7.4.26&NGINX=Y&dbv=5.7.31&instm=main%2C21.850.900%2CN%3Bpull%2C22.0.0%2CN%3Bsender%2C21.400.0%2CN%3Bforum%2C21.300.100%2CN%3Bstoreassist%2C21.0.0%2CN%3Bbitrix.eshop%2C21.0.100%2CN%3Breport%2C21.200.0%2CN%3Babtest%2C21.0.0%2CN%3Bconversion%2C21.0.0%2CN%3Biblock%2C21.600.100%2CN%3Bmobileapp%2C21.0.100%2CN%3Bb24connector%2C21.100.0%2CN%3Brest%2C21.300.200%2CN%3Bui%2C21.700.100%2CN%3Bseo%2C21.400.0%2CN%3Bmessageservice%2C21.200.0%2CN%3Bform%2C21.0.0%2CN%3Bperfmon%2C21.0.0%2CN%3Bsecurity%2C21.100.100%2CN%3Bsale%2C21.600.200%2CN%3Bhighloadblock%2C21.100.0%2CN%3Bwebstudiosamovar.odsmarket%2C0.1.0%2CN%3Bblog%2C21.300.0%2CN%3Bsubscribe%2C21.0.0%2CN%3Bclouds%2C21.100.0%2CN%3Blanding%2C21.700.0%2CN%3Bbitrixcloud%2C21.0.0%2CN%3Bfileman%2C21.300.0%2CN%3Bcatalog%2C21.400.100%2CN%3Bsocialservices%2C21.300.0%2CN%3Bvote%2C21.0.0%2CN%3Bscale%2C21.0.0%2CN%3Bbitrix.sitecorporate%2C15.5.0%2CN%3Btranslate%2C21.100.0%2CN%3Bphotogallery%2C21.200.0%2CN%3Bsearch%2C21.0.100%2CN%3Bcurrency%2C21.200.0%2CN&reqm=bitrix.eshop%2Cwebstudiosamovar.odsmarket%2Cbitrix.sitecorporate&fullmoduleinfo=Y&SUPD_SRS=RU&SUPD_CMP=N
2021-12-03 12:34:25 -  - exec CUpdateClientPartner::GetHTTPPage
2021-12-03 12:34:25 -  - TIME GetUpdatesList(request) 0.211 sec
2021-12-03 12:34:25 -  - exec CUpdateClientPartner::ParseServerData
2021-12-03 12:34:25 -  - exec CUpdateClientPartner::__CollectRequestData
2021-12-03 12:34:25 -  - exec CUpdateClientPartner::GetHTTPPage
2021-12-03 12:34:25 -  - exec CUpdateClientPartner::ParseServerData
2021-12-06 10:38:48 -  - exec CUpdateClientPartner::__CollectRequestData
2021-12-06 10:38:48 -  - exec CUpdateClientPartner::GetHTTPPage
2021-12-06 10:38:48 -  - exec CUpdateClientPartner::ParseServerData
2021-12-06 10:38:48 -  - exec CUpdateClientPartner::GetUpdatesList
2021-12-06 10:38:48 -  - exec CUpdateClientPartner::__CollectRequestData
2021-12-06 10:38:48 -  - utf=Y&lang=ru&stable=Y&CANGZIP=Y&SUPD_DBS=MYSQL&XE=N&CLIENT_SITE=test.cvetopttorg.spb.ru&LICENSE_KEY=X&SUPD_STS=1&SUPD_URS=0&SUPD_URSA=1&TYPENC=E&CLIENT_PHPVER=7.4.26&NGINX=Y&dbv=5.7.31&instm=main%2C21.850.900%2CN%3Bpull%2C22.0.0%2CN%3Bsender%2C21.400.0%2CN%3Bforum%2C21.300.100%2CN%3Bstoreassist%2C21.0.0%2CN%3Bbitrix.eshop%2C21.0.100%2CN%3Breport%2C21.200.0%2CN%3Babtest%2C21.0.0%2CN%3Bconversion%2C21.0.0%2CN%3Biblock%2C21.600.100%2CN%3Bmobileapp%2C21.0.100%2CN%3Bb24connector%2C21.100.0%2CN%3Brest%2C21.300.200%2CN%3Bui%2C21.700.100%2CN%3Bseo%2C21.400.0%2CN%3Bmessageservice%2C21.200.0%2CN%3Bform%2C21.0.0%2CN%3Bperfmon%2C21.0.0%2CN%3Bsecurity%2C21.100.100%2CN%3Bsale%2C21.600.200%2CN%3Bhighloadblock%2C21.100.0%2CN%3Bwebstudiosamovar.odsmarket%2C0.1.0%2CN%3Bblog%2C21.300.0%2CN%3Bsubscribe%2C21.0.0%2CN%3Bclouds%2C21.100.0%2CN%3Blanding%2C21.700.0%2CN%3Bbitrixcloud%2C21.0.0%2CN%3Bfileman%2C21.300.0%2CN%3Bcatalog%2C21.400.100%2CN%3Bsocialservices%2C21.300.0%2CN%3Bvote%2C21.0.0%2CN%3Bscale%2C21.0.0%2CN%3Bbitrix.sitecorporate%2C15.5.0%2CN%3Btranslate%2C21.100.0%2CN%3Bphotogallery%2C21.200.0%2CN%3Bsearch%2C21.0.100%2CN%3Bcurrency%2C21.200.0%2CN&reqm=bitrix.eshop%2Cwebstudiosamovar.odsmarket%2Cbitrix.sitecorporate&fullmoduleinfo=Y&SUPD_SRS=RU&SUPD_CMP=N
2021-12-06 10:38:48 -  - exec CUpdateClientPartner::GetHTTPPage
2021-12-06 10:38:48 -  - TIME GetUpdatesList(request) 0.199 sec
2021-12-06 10:38:48 -  - exec CUpdateClientPartner::ParseServerData
2021-12-06 10:38:48 -  - exec CUpdateClientPartner::__CollectRequestData
2021-12-06 10:38:48 -  - exec CUpdateClientPartner::GetHTTPPage
2021-12-06 10:38:49 -  - exec CUpdateClientPartner::ParseServerData
2021-12-07 12:25:43 -  - exec CUpdateClientPartner::__CollectRequestData
2021-12-07 12:25:43 -  - exec CUpdateClientPartner::GetHTTPPage
2021-12-07 12:25:43 -  - exec CUpdateClientPartner::ParseServerData
2021-12-07 12:25:43 -  - exec CUpdateClientPartner::GetUpdatesList
2021-12-07 12:25:43 -  - exec CUpdateClientPartner::__CollectRequestData
2021-12-07 12:25:43 -  - utf=Y&lang=ru&stable=Y&CANGZIP=Y&SUPD_DBS=MYSQL&XE=N&CLIENT_SITE=test.cvetopttorg.spb.ru&LICENSE_KEY=X&SUPD_STS=1&SUPD_URS=0&SUPD_URSA=1&TYPENC=E&CLIENT_PHPVER=7.4.26&NGINX=Y&dbv=5.7.31&instm=main%2C21.850.900%2CN%3Bpull%2C22.0.0%2CN%3Bsender%2C21.400.0%2CN%3Bforum%2C21.300.100%2CN%3Bstoreassist%2C21.0.0%2CN%3Bbitrix.eshop%2C21.0.100%2CN%3Breport%2C21.200.0%2CN%3Babtest%2C21.0.0%2CN%3Bconversion%2C21.0.0%2CN%3Biblock%2C21.600.100%2CN%3Bmobileapp%2C21.0.100%2CN%3Bb24connector%2C21.100.0%2CN%3Brest%2C21.300.200%2CN%3Bui%2C21.700.100%2CN%3Bseo%2C21.400.0%2CN%3Bmessageservice%2C21.200.0%2CN%3Bform%2C21.0.0%2CN%3Bperfmon%2C21.0.0%2CN%3Bsecurity%2C21.100.100%2CN%3Bsale%2C21.600.200%2CN%3Bhighloadblock%2C21.100.0%2CN%3Bwebstudiosamovar.odsmarket%2C0.1.0%2CN%3Bblog%2C21.300.0%2CN%3Bsubscribe%2C21.0.0%2CN%3Bclouds%2C21.100.0%2CN%3Blanding%2C21.700.0%2CN%3Bbitrixcloud%2C21.0.0%2CN%3Bfileman%2C21.300.0%2CN%3Bcatalog%2C21.400.100%2CN%3Bsocialservices%2C21.300.0%2CN%3Bvote%2C21.0.0%2CN%3Bscale%2C21.0.0%2CN%3Bbitrix.sitecorporate%2C15.5.0%2CN%3Btranslate%2C21.100.0%2CN%3Bphotogallery%2C21.200.0%2CN%3Bsearch%2C21.0.100%2CN%3Bcurrency%2C21.200.0%2CN&reqm=bitrix.eshop%2Cwebstudiosamovar.odsmarket%2Cbitrix.sitecorporate&fullmoduleinfo=Y&SUPD_SRS=RU&SUPD_CMP=N
2021-12-07 12:25:43 -  - exec CUpdateClientPartner::GetHTTPPage
2021-12-07 12:25:43 -  - TIME GetUpdatesList(request) 0.198 sec
2021-12-07 12:25:43 -  - exec CUpdateClientPartner::ParseServerData
2021-12-07 12:25:43 -  - exec CUpdateClientPartner::__CollectRequestData
2021-12-07 12:25:43 -  - exec CUpdateClientPartner::GetHTTPPage
2021-12-07 12:25:43 -  - exec CUpdateClientPartner::ParseServerData
2021-12-08 12:46:42 -  - exec CUpdateClientPartner::__CollectRequestData
2021-12-08 12:46:42 -  - exec CUpdateClientPartner::GetHTTPPage
2021-12-08 12:46:43 -  - exec CUpdateClientPartner::ParseServerData
2021-12-08 12:46:43 -  - exec CUpdateClientPartner::GetUpdatesList
2021-12-08 12:46:43 -  - exec CUpdateClientPartner::__CollectRequestData
2021-12-08 12:46:43 -  - utf=Y&lang=ru&stable=Y&CANGZIP=Y&SUPD_DBS=MYSQL&XE=N&CLIENT_SITE=test.cvetopttorg.spb.ru&LICENSE_KEY=X&SUPD_STS=1&SUPD_URS=0&SUPD_URSA=1&TYPENC=E&CLIENT_PHPVER=7.4.26&NGINX=Y&dbv=5.7.31&instm=main%2C21.850.900%2CN%3Bpull%2C22.0.0%2CN%3Bsender%2C21.400.0%2CN%3Bforum%2C21.300.100%2CN%3Bstoreassist%2C21.0.0%2CN%3Bbitrix.eshop%2C21.0.100%2CN%3Breport%2C21.200.0%2CN%3Babtest%2C21.0.0%2CN%3Bconversion%2C21.0.0%2CN%3Biblock%2C21.600.100%2CN%3Bmobileapp%2C21.0.100%2CN%3Bb24connector%2C21.100.0%2CN%3Brest%2C21.300.200%2CN%3Bui%2C21.700.100%2CN%3Bseo%2C21.400.0%2CN%3Bmessageservice%2C21.200.0%2CN%3Bform%2C21.0.0%2CN%3Bperfmon%2C21.0.0%2CN%3Bsecurity%2C21.100.100%2CN%3Bsale%2C21.600.200%2CN%3Bhighloadblock%2C21.100.0%2CN%3Bwebstudiosamovar.odsmarket%2C0.1.0%2CN%3Bblog%2C21.300.0%2CN%3Bsubscribe%2C21.0.0%2CN%3Bclouds%2C21.100.0%2CN%3Blanding%2C21.700.0%2CN%3Bbitrixcloud%2C21.0.0%2CN%3Bfileman%2C21.300.0%2CN%3Bcatalog%2C21.400.100%2CN%3Bsocialservices%2C21.300.0%2CN%3Bvote%2C21.0.0%2CN%3Bscale%2C21.0.0%2CN%3Bbitrix.sitecorporate%2C15.5.0%2CN%3Btranslate%2C21.100.0%2CN%3Bphotogallery%2C21.200.0%2CN%3Bsearch%2C21.0.100%2CN%3Bcurrency%2C21.200.0%2CN&reqm=bitrix.eshop%2Cwebstudiosamovar.odsmarket%2Cbitrix.sitecorporate&fullmoduleinfo=Y&SUPD_SRS=RU&SUPD_CMP=N
2021-12-08 12:46:43 -  - exec CUpdateClientPartner::GetHTTPPage
2021-12-08 12:46:43 -  - TIME GetUpdatesList(request) 0.186 sec
2021-12-08 12:46:43 -  - exec CUpdateClientPartner::ParseServerData
2021-12-08 12:46:43 -  - exec CUpdateClientPartner::__CollectRequestData
2021-12-08 12:46:43 -  - exec CUpdateClientPartner::GetHTTPPage
2021-12-08 12:46:43 -  - exec CUpdateClientPartner::ParseServerData
2021-12-09 12:51:11 -  - exec CUpdateClientPartner::__CollectRequestData
2021-12-09 12:51:11 -  - exec CUpdateClientPartner::GetHTTPPage
2021-12-09 12:51:12 -  - exec CUpdateClientPartner::ParseServerData
2021-12-09 12:51:12 -  - exec CUpdateClientPartner::GetUpdatesList
2021-12-09 12:51:12 -  - exec CUpdateClientPartner::__CollectRequestData
2021-12-09 12:51:12 -  - utf=Y&lang=ru&stable=Y&CANGZIP=Y&SUPD_DBS=MYSQL&XE=N&CLIENT_SITE=test.cvetopttorg.spb.ru&LICENSE_KEY=X&SUPD_STS=1&SUPD_URS=0&SUPD_URSA=1&TYPENC=E&CLIENT_PHPVER=7.4.26&NGINX=Y&dbv=5.7.31&instm=main%2C21.850.900%2CN%3Bpull%2C22.0.0%2CN%3Bsender%2C21.400.0%2CN%3Bforum%2C21.300.100%2CN%3Bstoreassist%2C21.0.0%2CN%3Bbitrix.eshop%2C21.0.100%2CN%3Breport%2C21.200.0%2CN%3Babtest%2C21.0.0%2CN%3Bconversion%2C21.0.0%2CN%3Biblock%2C21.600.100%2CN%3Bmobileapp%2C21.0.100%2CN%3Bb24connector%2C21.100.0%2CN%3Brest%2C21.300.200%2CN%3Bui%2C21.700.100%2CN%3Bseo%2C21.400.0%2CN%3Bmessageservice%2C21.200.0%2CN%3Bform%2C21.0.0%2CN%3Bperfmon%2C21.0.0%2CN%3Bsecurity%2C21.100.100%2CN%3Bsale%2C21.600.200%2CN%3Bhighloadblock%2C21.100.0%2CN%3Bwebstudiosamovar.odsmarket%2C0.1.0%2CN%3Bblog%2C21.300.0%2CN%3Bsubscribe%2C21.0.0%2CN%3Bclouds%2C21.100.0%2CN%3Blanding%2C21.700.0%2CN%3Bbitrixcloud%2C21.0.0%2CN%3Bfileman%2C21.300.0%2CN%3Bcatalog%2C21.400.100%2CN%3Bsocialservices%2C21.300.0%2CN%3Bvote%2C21.0.0%2CN%3Bscale%2C21.0.0%2CN%3Bbitrix.sitecorporate%2C15.5.0%2CN%3Btranslate%2C21.100.0%2CN%3Bphotogallery%2C21.200.0%2CN%3Bsearch%2C21.0.100%2CN%3Bcurrency%2C21.200.0%2CN&reqm=bitrix.eshop%2Cwebstudiosamovar.odsmarket%2Cbitrix.sitecorporate&fullmoduleinfo=Y&SUPD_SRS=RU&SUPD_CMP=N
2021-12-09 12:51:12 -  - exec CUpdateClientPartner::GetHTTPPage
2021-12-09 12:51:12 -  - TIME GetUpdatesList(request) 0.215 sec
2021-12-09 12:51:12 -  - exec CUpdateClientPartner::ParseServerData
2021-12-09 12:51:12 -  - exec CUpdateClientPartner::__CollectRequestData
2021-12-09 12:51:12 -  - exec CUpdateClientPartner::GetHTTPPage
2021-12-09 12:51:12 -  - exec CUpdateClientPartner::ParseServerData
2021-12-10 13:25:36 -  - exec CUpdateClientPartner::__CollectRequestData
2021-12-10 13:25:36 -  - exec CUpdateClientPartner::GetHTTPPage
2021-12-10 13:25:36 -  - exec CUpdateClientPartner::ParseServerData
2021-12-10 13:25:36 -  - exec CUpdateClientPartner::GetUpdatesList
2021-12-10 13:25:36 -  - exec CUpdateClientPartner::__CollectRequestData
2021-12-10 13:25:36 -  - utf=Y&lang=ru&stable=Y&CANGZIP=Y&SUPD_DBS=MYSQL&XE=N&CLIENT_SITE=test.cvetopttorg.spb.ru&LICENSE_KEY=X&SUPD_STS=1&SUPD_URS=0&SUPD_URSA=1&TYPENC=E&CLIENT_PHPVER=7.4.26&NGINX=Y&dbv=5.7.31&instm=main%2C21.850.900%2CN%3Bpull%2C22.0.0%2CN%3Bsender%2C21.400.0%2CN%3Bforum%2C21.300.100%2CN%3Bstoreassist%2C21.0.0%2CN%3Bbitrix.eshop%2C21.0.100%2CN%3Breport%2C21.200.0%2CN%3Babtest%2C21.0.0%2CN%3Bconversion%2C21.0.0%2CN%3Biblock%2C21.600.100%2CN%3Bmobileapp%2C21.0.100%2CN%3Bb24connector%2C21.100.0%2CN%3Brest%2C21.300.200%2CN%3Bui%2C21.700.100%2CN%3Bseo%2C21.400.0%2CN%3Bmessageservice%2C21.200.0%2CN%3Bform%2C21.0.0%2CN%3Bperfmon%2C21.0.0%2CN%3Bsecurity%2C21.100.100%2CN%3Bsale%2C21.600.200%2CN%3Bhighloadblock%2C21.100.0%2CN%3Bwebstudiosamovar.odsmarket%2C0.1.0%2CN%3Bblog%2C21.300.0%2CN%3Bsubscribe%2C21.0.0%2CN%3Bclouds%2C21.100.0%2CN%3Blanding%2C21.700.0%2CN%3Bbitrixcloud%2C21.0.0%2CN%3Bfileman%2C21.300.0%2CN%3Bcatalog%2C21.400.100%2CN%3Bsocialservices%2C21.300.0%2CN%3Bvote%2C21.0.0%2CN%3Bscale%2C21.0.0%2CN%3Bbitrix.sitecorporate%2C15.5.0%2CN%3Btranslate%2C21.100.0%2CN%3Bphotogallery%2C21.200.0%2CN%3Bsearch%2C21.0.100%2CN%3Bcurrency%2C21.200.0%2CN&reqm=bitrix.eshop%2Cwebstudiosamovar.odsmarket%2Cbitrix.sitecorporate&fullmoduleinfo=Y&SUPD_SRS=RU&SUPD_CMP=N
2021-12-10 13:25:36 -  - exec CUpdateClientPartner::GetHTTPPage
2021-12-10 13:25:36 -  - TIME GetUpdatesList(request) 0.201 sec
2021-12-10 13:25:36 -  - exec CUpdateClientPartner::ParseServerData
2021-12-10 13:25:36 -  - exec CUpdateClientPartner::__CollectRequestData
2021-12-10 13:25:37 -  - exec CUpdateClientPartner::GetHTTPPage
2021-12-10 13:25:37 -  - exec CUpdateClientPartner::ParseServerData
2021-12-13 10:13:43 -  - exec CUpdateClientPartner::__CollectRequestData
2021-12-13 10:13:43 -  - exec CUpdateClientPartner::GetHTTPPage
2021-12-13 10:13:44 -  - exec CUpdateClientPartner::ParseServerData
2021-12-13 10:13:44 -  - exec CUpdateClientPartner::GetUpdatesList
2021-12-13 10:13:44 -  - exec CUpdateClientPartner::__CollectRequestData
2021-12-13 10:13:44 -  - utf=Y&lang=ru&stable=Y&CANGZIP=Y&SUPD_DBS=MYSQL&XE=N&CLIENT_SITE=test.cvetopttorg.spb.ru&LICENSE_KEY=X&SUPD_STS=1&SUPD_URS=0&SUPD_URSA=1&TYPENC=E&CLIENT_PHPVER=7.4.26&NGINX=Y&dbv=5.7.31&instm=main%2C21.850.900%2CN%3Bpull%2C22.0.0%2CN%3Bsender%2C21.400.0%2CN%3Bforum%2C21.300.100%2CN%3Bstoreassist%2C21.0.0%2CN%3Bbitrix.eshop%2C21.0.100%2CN%3Breport%2C21.200.0%2CN%3Babtest%2C21.0.0%2CN%3Bconversion%2C21.0.0%2CN%3Biblock%2C21.600.100%2CN%3Bmobileapp%2C21.0.100%2CN%3Bb24connector%2C21.100.0%2CN%3Brest%2C21.300.200%2CN%3Bui%2C21.700.100%2CN%3Bseo%2C21.400.0%2CN%3Bmessageservice%2C21.200.0%2CN%3Bform%2C21.0.0%2CN%3Bperfmon%2C21.0.0%2CN%3Bsecurity%2C21.100.100%2CN%3Bsale%2C21.600.200%2CN%3Bhighloadblock%2C21.100.0%2CN%3Bwebstudiosamovar.odsmarket%2C0.1.0%2CN%3Bblog%2C21.300.0%2CN%3Bsubscribe%2C21.0.0%2CN%3Bclouds%2C21.100.0%2CN%3Blanding%2C21.700.0%2CN%3Bbitrixcloud%2C21.0.0%2CN%3Bfileman%2C21.300.0%2CN%3Bcatalog%2C21.400.100%2CN%3Bsocialservices%2C21.300.0%2CN%3Bvote%2C21.0.0%2CN%3Bscale%2C21.0.0%2CN%3Bbitrix.sitecorporate%2C15.5.0%2CN%3Btranslate%2C21.100.0%2CN%3Bphotogallery%2C21.200.0%2CN%3Bsearch%2C21.0.100%2CN%3Bcurrency%2C21.200.0%2CN&reqm=bitrix.eshop%2Cwebstudiosamovar.odsmarket%2Cbitrix.sitecorporate&fullmoduleinfo=Y&SUPD_SRS=RU&SUPD_CMP=N
2021-12-13 10:13:44 -  - exec CUpdateClientPartner::GetHTTPPage
2021-12-13 10:13:44 -  - TIME GetUpdatesList(request) 0.335 sec
2021-12-13 10:13:44 -  - exec CUpdateClientPartner::ParseServerData
2021-12-13 10:13:44 -  - exec CUpdateClientPartner::__CollectRequestData
2021-12-13 10:13:44 -  - exec CUpdateClientPartner::GetHTTPPage
2021-12-13 10:13:44 -  - exec CUpdateClientPartner::ParseServerData
2021-12-14 10:14:18 -  - exec CUpdateClientPartner::__CollectRequestData
2021-12-14 10:14:18 -  - exec CUpdateClientPartner::GetHTTPPage
2021-12-14 10:14:18 -  - exec CUpdateClientPartner::ParseServerData
2021-12-14 10:14:18 -  - exec CUpdateClientPartner::GetUpdatesList
2021-12-14 10:14:18 -  - exec CUpdateClientPartner::__CollectRequestData
2021-12-14 10:14:18 -  - utf=Y&lang=ru&stable=Y&CANGZIP=Y&SUPD_DBS=MYSQL&XE=N&CLIENT_SITE=test.cvetopttorg.spb.ru&LICENSE_KEY=X&SUPD_STS=1&SUPD_URS=0&SUPD_URSA=1&TYPENC=E&CLIENT_PHPVER=7.4.26&NGINX=Y&dbv=5.7.31&instm=main%2C21.850.900%2CN%3Bpull%2C22.0.0%2CN%3Bsender%2C21.400.0%2CN%3Bforum%2C21.300.100%2CN%3Bstoreassist%2C21.0.0%2CN%3Bbitrix.eshop%2C21.0.100%2CN%3Breport%2C21.200.0%2CN%3Babtest%2C21.0.0%2CN%3Bconversion%2C21.0.0%2CN%3Biblock%2C21.600.100%2CN%3Bmobileapp%2C21.0.100%2CN%3Bb24connector%2C21.100.0%2CN%3Brest%2C21.300.200%2CN%3Bui%2C21.700.100%2CN%3Bseo%2C21.400.0%2CN%3Bmessageservice%2C21.200.0%2CN%3Bform%2C21.0.0%2CN%3Bperfmon%2C21.0.0%2CN%3Bsecurity%2C21.100.100%2CN%3Bsale%2C21.600.200%2CN%3Bhighloadblock%2C21.100.0%2CN%3Bwebstudiosamovar.odsmarket%2C0.1.0%2CN%3Bblog%2C21.300.0%2CN%3Bsubscribe%2C21.0.0%2CN%3Bclouds%2C21.100.0%2CN%3Blanding%2C21.700.0%2CN%3Bbitrixcloud%2C21.0.0%2CN%3Bfileman%2C21.300.0%2CN%3Bcatalog%2C21.400.100%2CN%3Bsocialservices%2C21.300.0%2CN%3Bvote%2C21.0.0%2CN%3Bscale%2C21.0.0%2CN%3Bbitrix.sitecorporate%2C15.5.0%2CN%3Btranslate%2C21.100.0%2CN%3Bphotogallery%2C21.200.0%2CN%3Bsearch%2C21.0.100%2CN%3Bcurrency%2C21.200.0%2CN&reqm=bitrix.eshop%2Cwebstudiosamovar.odsmarket%2Cbitrix.sitecorporate&fullmoduleinfo=Y&SUPD_SRS=RU&SUPD_CMP=N
2021-12-14 10:14:18 -  - exec CUpdateClientPartner::GetHTTPPage
2021-12-14 10:14:18 -  - TIME GetUpdatesList(request) 0.193 sec
2021-12-14 10:14:18 -  - exec CUpdateClientPartner::ParseServerData
2021-12-14 10:14:18 -  - exec CUpdateClientPartner::__CollectRequestData
2021-12-14 10:14:18 -  - exec CUpdateClientPartner::GetHTTPPage
2021-12-14 10:14:18 -  - exec CUpdateClientPartner::ParseServerData
2021-12-15 10:14:24 -  - exec CUpdateClientPartner::__CollectRequestData
2021-12-15 10:14:24 -  - exec CUpdateClientPartner::GetHTTPPage
2021-12-15 10:14:24 -  - exec CUpdateClientPartner::ParseServerData
2021-12-15 10:14:24 -  - exec CUpdateClientPartner::GetUpdatesList
2021-12-15 10:14:24 -  - exec CUpdateClientPartner::__CollectRequestData
2021-12-15 10:14:24 -  - utf=Y&lang=ru&stable=Y&CANGZIP=Y&SUPD_DBS=MYSQL&XE=N&CLIENT_SITE=test.cvetopttorg.spb.ru&LICENSE_KEY=X&SUPD_STS=1&SUPD_URS=0&SUPD_URSA=1&TYPENC=E&CLIENT_PHPVER=7.4.26&NGINX=Y&dbv=5.7.31&instm=main%2C21.850.900%2CN%3Bpull%2C22.0.0%2CN%3Bsender%2C21.400.0%2CN%3Bforum%2C21.300.100%2CN%3Bstoreassist%2C21.0.0%2CN%3Bbitrix.eshop%2C21.0.100%2CN%3Breport%2C21.200.0%2CN%3Babtest%2C21.0.0%2CN%3Bconversion%2C21.0.0%2CN%3Biblock%2C21.600.100%2CN%3Bmobileapp%2C21.0.100%2CN%3Bb24connector%2C21.100.0%2CN%3Brest%2C21.300.200%2CN%3Bui%2C21.700.100%2CN%3Bseo%2C21.400.0%2CN%3Bmessageservice%2C21.200.0%2CN%3Bform%2C21.0.0%2CN%3Bperfmon%2C21.0.0%2CN%3Bsecurity%2C21.100.100%2CN%3Bsale%2C21.600.200%2CN%3Bhighloadblock%2C21.100.0%2CN%3Bwebstudiosamovar.odsmarket%2C0.1.0%2CN%3Bblog%2C21.300.0%2CN%3Bsubscribe%2C21.0.0%2CN%3Bclouds%2C21.100.0%2CN%3Blanding%2C21.700.0%2CN%3Bbitrixcloud%2C21.0.0%2CN%3Bfileman%2C21.300.0%2CN%3Bcatalog%2C21.400.100%2CN%3Bsocialservices%2C21.300.0%2CN%3Bvote%2C21.0.0%2CN%3Bscale%2C21.0.0%2CN%3Bbitrix.sitecorporate%2C15.5.0%2CN%3Btranslate%2C21.100.0%2CN%3Bphotogallery%2C21.200.0%2CN%3Bsearch%2C21.0.100%2CN%3Bcurrency%2C21.200.0%2CN&reqm=bitrix.eshop%2Cwebstudiosamovar.odsmarket%2Cbitrix.sitecorporate&fullmoduleinfo=Y&SUPD_SRS=RU&SUPD_CMP=N
2021-12-15 10:14:24 -  - exec CUpdateClientPartner::GetHTTPPage
2021-12-15 10:14:25 -  - TIME GetUpdatesList(request) 0.191 sec
2021-12-15 10:14:25 -  - exec CUpdateClientPartner::ParseServerData
2021-12-15 10:14:25 -  - exec CUpdateClientPartner::__CollectRequestData
2021-12-15 10:14:25 -  - exec CUpdateClientPartner::GetHTTPPage
2021-12-15 10:14:25 -  - exec CUpdateClientPartner::ParseServerData
2021-12-16 18:06:11 -  - exec CUpdateClientPartner::__CollectRequestData
2021-12-16 18:06:11 -  - exec CUpdateClientPartner::GetHTTPPage
2021-12-16 18:06:12 -  - exec CUpdateClientPartner::ParseServerData
2021-12-16 18:06:12 -  - exec CUpdateClientPartner::GetUpdatesList
2021-12-16 18:06:12 -  - exec CUpdateClientPartner::__CollectRequestData
2021-12-16 18:06:12 -  - utf=Y&lang=ru&stable=Y&CANGZIP=Y&SUPD_DBS=MYSQL&XE=N&CLIENT_SITE=test.cvetopttorg.spb.ru&LICENSE_KEY=X&SUPD_STS=1&SUPD_URS=0&SUPD_URSA=1&TYPENC=E&CLIENT_PHPVER=7.4.26&NGINX=Y&dbv=5.7.31&instm=main%2C21.850.900%2CN%3Bpull%2C22.0.0%2CN%3Bsender%2C21.400.0%2CN%3Bforum%2C21.300.100%2CN%3Bstoreassist%2C21.0.0%2CN%3Bbitrix.eshop%2C21.0.100%2CN%3Breport%2C21.200.0%2CN%3Babtest%2C21.0.0%2CN%3Bconversion%2C21.0.0%2CN%3Biblock%2C21.600.100%2CN%3Bmobileapp%2C21.0.100%2CN%3Bb24connector%2C21.100.0%2CN%3Brest%2C21.300.200%2CN%3Bui%2C21.700.100%2CN%3Bseo%2C21.400.0%2CN%3Bmessageservice%2C21.200.0%2CN%3Bform%2C21.0.0%2CN%3Bperfmon%2C21.0.0%2CN%3Bsecurity%2C21.100.100%2CN%3Bsale%2C21.600.200%2CN%3Bhighloadblock%2C21.100.0%2CN%3Bwebstudiosamovar.odsmarket%2C0.1.0%2CN%3Bblog%2C21.300.0%2CN%3Bsubscribe%2C21.0.0%2CN%3Bclouds%2C21.100.0%2CN%3Blanding%2C21.700.0%2CN%3Bbitrixcloud%2C21.0.0%2CN%3Bfileman%2C21.300.0%2CN%3Bcatalog%2C21.400.100%2CN%3Bsocialservices%2C21.300.0%2CN%3Bvote%2C21.0.0%2CN%3Bscale%2C21.0.0%2CN%3Bbitrix.sitecorporate%2C15.5.0%2CN%3Btranslate%2C21.100.0%2CN%3Bphotogallery%2C21.200.0%2CN%3Bsearch%2C21.0.100%2CN%3Bcurrency%2C21.200.0%2CN&reqm=bitrix.eshop%2Cwebstudiosamovar.odsmarket%2Cbitrix.sitecorporate&fullmoduleinfo=Y&SUPD_SRS=RU&SUPD_CMP=N
2021-12-16 18:06:12 -  - exec CUpdateClientPartner::GetHTTPPage
2021-12-16 18:06:12 -  - TIME GetUpdatesList(request) 0.224 sec
2021-12-16 18:06:12 -  - exec CUpdateClientPartner::ParseServerData
2021-12-16 18:06:12 -  - exec CUpdateClientPartner::__CollectRequestData
2021-12-16 18:06:12 -  - exec CUpdateClientPartner::GetHTTPPage
2021-12-16 18:06:12 -  - exec CUpdateClientPartner::ParseServerData
2021-12-17 18:06:21 -  - exec CUpdateClientPartner::__CollectRequestData
2021-12-17 18:06:21 -  - exec CUpdateClientPartner::GetHTTPPage
2021-12-17 18:06:22 -  - exec CUpdateClientPartner::ParseServerData
2021-12-17 18:06:22 -  - exec CUpdateClientPartner::GetUpdatesList
2021-12-17 18:06:22 -  - exec CUpdateClientPartner::__CollectRequestData
2021-12-17 18:06:22 -  - utf=Y&lang=ru&stable=Y&CANGZIP=Y&SUPD_DBS=MYSQL&XE=N&CLIENT_SITE=test.cvetopttorg.spb.ru&LICENSE_KEY=X&SUPD_STS=1&SUPD_URS=0&SUPD_URSA=1&TYPENC=E&CLIENT_PHPVER=7.4.26&NGINX=Y&dbv=5.7.31&instm=main%2C21.850.900%2CN%3Bpull%2C22.0.0%2CN%3Bsender%2C21.400.0%2CN%3Bforum%2C21.300.100%2CN%3Bstoreassist%2C21.0.0%2CN%3Bbitrix.eshop%2C21.0.100%2CN%3Breport%2C21.200.0%2CN%3Babtest%2C21.0.0%2CN%3Bconversion%2C21.0.0%2CN%3Biblock%2C21.600.100%2CN%3Bmobileapp%2C21.0.100%2CN%3Bb24connector%2C21.100.0%2CN%3Brest%2C21.300.200%2CN%3Bui%2C21.700.100%2CN%3Bseo%2C21.400.0%2CN%3Bmessageservice%2C21.200.0%2CN%3Bform%2C21.0.0%2CN%3Bperfmon%2C21.0.0%2CN%3Bsecurity%2C21.100.100%2CN%3Bsale%2C21.600.200%2CN%3Bhighloadblock%2C21.100.0%2CN%3Bwebstudiosamovar.odsmarket%2C0.1.0%2CN%3Bblog%2C21.300.0%2CN%3Bsubscribe%2C21.0.0%2CN%3Bclouds%2C21.100.0%2CN%3Blanding%2C21.700.0%2CN%3Bbitrixcloud%2C21.0.0%2CN%3Bfileman%2C21.300.0%2CN%3Bcatalog%2C21.400.100%2CN%3Bsocialservices%2C21.300.0%2CN%3Bvote%2C21.0.0%2CN%3Bscale%2C21.0.0%2CN%3Bbitrix.sitecorporate%2C15.5.0%2CN%3Btranslate%2C21.100.0%2CN%3Bphotogallery%2C21.200.0%2CN%3Bsearch%2C21.0.100%2CN%3Bcurrency%2C21.200.0%2CN&reqm=bitrix.eshop%2Cwebstudiosamovar.odsmarket%2Cbitrix.sitecorporate&fullmoduleinfo=Y&SUPD_SRS=RU&SUPD_CMP=N
2021-12-17 18:06:22 -  - exec CUpdateClientPartner::GetHTTPPage
2021-12-17 18:06:22 -  - TIME GetUpdatesList(request) 0.201 sec
2021-12-17 18:06:22 -  - exec CUpdateClientPartner::ParseServerData
2021-12-17 18:06:22 -  - exec CUpdateClientPartner::__CollectRequestData
2021-12-17 18:06:22 -  - exec CUpdateClientPartner::GetHTTPPage
2021-12-17 18:06:22 -  - exec CUpdateClientPartner::ParseServerData
2021-12-20 10:28:23 -  - exec CUpdateClientPartner::__CollectRequestData
2021-12-20 10:28:23 -  - exec CUpdateClientPartner::GetHTTPPage
2021-12-20 10:28:23 -  - exec CUpdateClientPartner::ParseServerData
2021-12-20 10:28:23 -  - exec CUpdateClientPartner::GetUpdatesList
2021-12-20 10:28:23 -  - exec CUpdateClientPartner::__CollectRequestData
2021-12-20 10:28:23 -  - utf=Y&lang=ru&stable=Y&CANGZIP=Y&SUPD_DBS=MYSQL&XE=N&CLIENT_SITE=test.cvetopttorg.spb.ru&LICENSE_KEY=X&SUPD_STS=1&SUPD_URS=0&SUPD_URSA=1&TYPENC=E&CLIENT_PHPVER=7.4.26&NGINX=Y&dbv=5.7.31&instm=main%2C21.850.900%2CN%3Bpull%2C22.0.0%2CN%3Bsender%2C21.400.0%2CN%3Bforum%2C21.300.100%2CN%3Bstoreassist%2C21.0.0%2CN%3Bbitrix.eshop%2C21.0.100%2CN%3Breport%2C21.200.0%2CN%3Babtest%2C21.0.0%2CN%3Bconversion%2C21.0.0%2CN%3Biblock%2C21.600.100%2CN%3Bmobileapp%2C21.0.100%2CN%3Bb24connector%2C21.100.0%2CN%3Brest%2C21.300.200%2CN%3Bui%2C21.700.100%2CN%3Bseo%2C21.400.0%2CN%3Bmessageservice%2C21.200.0%2CN%3Bform%2C21.0.0%2CN%3Bperfmon%2C21.0.0%2CN%3Bsecurity%2C21.100.100%2CN%3Bsale%2C21.600.200%2CN%3Bhighloadblock%2C21.100.0%2CN%3Bwebstudiosamovar.odsmarket%2C0.1.0%2CN%3Bblog%2C21.300.0%2CN%3Bsubscribe%2C21.0.0%2CN%3Bclouds%2C21.100.0%2CN%3Blanding%2C21.700.0%2CN%3Bbitrixcloud%2C21.0.0%2CN%3Bfileman%2C21.300.0%2CN%3Bcatalog%2C21.400.100%2CN%3Bsocialservices%2C21.300.0%2CN%3Bvote%2C21.0.0%2CN%3Bscale%2C21.0.0%2CN%3Bbitrix.sitecorporate%2C15.5.0%2CN%3Btranslate%2C21.100.0%2CN%3Bphotogallery%2C21.200.0%2CN%3Bsearch%2C21.0.100%2CN%3Bcurrency%2C21.200.0%2CN&reqm=bitrix.eshop%2Cwebstudiosamovar.odsmarket%2Cbitrix.sitecorporate&fullmoduleinfo=Y&SUPD_SRS=RU&SUPD_CMP=N
2021-12-20 10:28:23 -  - exec CUpdateClientPartner::GetHTTPPage
2021-12-20 10:28:23 -  - TIME GetUpdatesList(request) 0.189 sec
2021-12-20 10:28:23 -  - exec CUpdateClientPartner::ParseServerData
2021-12-20 10:28:23 -  - exec CUpdateClientPartner::__CollectRequestData
2021-12-20 10:28:23 -  - exec CUpdateClientPartner::GetHTTPPage
2021-12-20 10:28:23 -  - exec CUpdateClientPartner::ParseServerData
2021-12-21 11:30:10 -  - exec CUpdateClientPartner::__CollectRequestData
2021-12-21 11:30:10 -  - exec CUpdateClientPartner::GetHTTPPage
2021-12-21 11:30:10 -  - exec CUpdateClientPartner::ParseServerData
2021-12-21 11:30:10 -  - exec CUpdateClientPartner::GetUpdatesList
2021-12-21 11:30:10 -  - exec CUpdateClientPartner::__CollectRequestData
2021-12-21 11:30:10 -  - utf=Y&lang=ru&stable=Y&CANGZIP=Y&SUPD_DBS=MYSQL&XE=N&CLIENT_SITE=test.cvetopttorg.spb.ru&LICENSE_KEY=X&SUPD_STS=1&SUPD_URS=0&SUPD_URSA=1&TYPENC=E&CLIENT_PHPVER=7.4.26&NGINX=Y&dbv=5.7.31&instm=main%2C21.850.900%2CN%3Bpull%2C22.0.0%2CN%3Bsender%2C21.400.0%2CN%3Bforum%2C21.300.100%2CN%3Bstoreassist%2C21.0.0%2CN%3Bbitrix.eshop%2C21.0.100%2CN%3Breport%2C21.200.0%2CN%3Babtest%2C21.0.0%2CN%3Bconversion%2C21.0.0%2CN%3Biblock%2C21.600.100%2CN%3Bmobileapp%2C21.0.100%2CN%3Bb24connector%2C21.100.0%2CN%3Brest%2C21.300.200%2CN%3Bui%2C21.700.100%2CN%3Bseo%2C21.400.0%2CN%3Bmessageservice%2C21.200.0%2CN%3Bform%2C21.0.0%2CN%3Bperfmon%2C21.0.0%2CN%3Bsecurity%2C21.100.100%2CN%3Bsale%2C21.600.200%2CN%3Bhighloadblock%2C21.100.0%2CN%3Bwebstudiosamovar.odsmarket%2C0.1.0%2CN%3Bblog%2C21.300.0%2CN%3Bsubscribe%2C21.0.0%2CN%3Bclouds%2C21.100.0%2CN%3Blanding%2C21.700.0%2CN%3Bbitrixcloud%2C21.0.0%2CN%3Bfileman%2C21.300.0%2CN%3Bcatalog%2C21.400.100%2CN%3Bsocialservices%2C21.300.0%2CN%3Bvote%2C21.0.0%2CN%3Bscale%2C21.0.0%2CN%3Bbitrix.sitecorporate%2C15.5.0%2CN%3Btranslate%2C21.100.0%2CN%3Bphotogallery%2C21.200.0%2CN%3Bsearch%2C21.0.100%2CN%3Bcurrency%2C21.200.0%2CN&reqm=bitrix.eshop%2Cwebstudiosamovar.odsmarket%2Cbitrix.sitecorporate&fullmoduleinfo=Y&SUPD_SRS=RU&SUPD_CMP=N
2021-12-21 11:30:10 -  - exec CUpdateClientPartner::GetHTTPPage
2021-12-21 11:30:10 -  - TIME GetUpdatesList(request) 0.342 sec
2021-12-21 11:30:10 -  - exec CUpdateClientPartner::ParseServerData
2021-12-21 11:30:10 -  - exec CUpdateClientPartner::__CollectRequestData
2021-12-21 11:30:10 -  - exec CUpdateClientPartner::GetHTTPPage
2021-12-21 11:30:11 -  - exec CUpdateClientPartner::ParseServerData
2021-12-22 21:53:46 -  - exec CUpdateClientPartner::__CollectRequestData
2021-12-22 21:53:46 -  - exec CUpdateClientPartner::GetHTTPPage
2021-12-22 21:53:46 -  - exec CUpdateClientPartner::ParseServerData
2021-12-22 21:53:46 -  - exec CUpdateClientPartner::GetUpdatesList
2021-12-22 21:53:46 -  - exec CUpdateClientPartner::__CollectRequestData
2021-12-22 21:53:46 -  - utf=Y&lang=ru&stable=Y&CANGZIP=Y&SUPD_DBS=MYSQL&XE=N&CLIENT_SITE=test.cvetopttorg.spb.ru&LICENSE_KEY=X&SUPD_STS=1&SUPD_URS=0&SUPD_URSA=1&TYPENC=E&CLIENT_PHPVER=7.4.26&NGINX=Y&dbv=5.7.31&instm=main%2C21.850.900%2CN%3Bpull%2C22.0.0%2CN%3Bsender%2C21.400.0%2CN%3Bforum%2C21.300.100%2CN%3Bstoreassist%2C21.0.0%2CN%3Bbitrix.eshop%2C21.0.100%2CN%3Breport%2C21.200.0%2CN%3Babtest%2C21.0.0%2CN%3Bconversion%2C21.0.0%2CN%3Biblock%2C21.600.100%2CN%3Bmobileapp%2C21.0.100%2CN%3Bb24connector%2C21.100.0%2CN%3Brest%2C21.300.200%2CN%3Bui%2C21.700.100%2CN%3Bseo%2C21.400.0%2CN%3Bmessageservice%2C21.200.0%2CN%3Bform%2C21.0.0%2CN%3Bperfmon%2C21.0.0%2CN%3Bsecurity%2C21.100.100%2CN%3Bsale%2C21.600.200%2CN%3Bhighloadblock%2C21.100.0%2CN%3Bwebstudiosamovar.odsmarket%2C0.1.0%2CN%3Bblog%2C21.300.0%2CN%3Bsubscribe%2C21.0.0%2CN%3Bclouds%2C21.100.0%2CN%3Blanding%2C21.700.0%2CN%3Bbitrixcloud%2C21.0.0%2CN%3Bfileman%2C21.300.0%2CN%3Bcatalog%2C21.400.100%2CN%3Bsocialservices%2C21.300.0%2CN%3Bvote%2C21.0.0%2CN%3Bscale%2C21.0.0%2CN%3Bbitrix.sitecorporate%2C15.5.0%2CN%3Btranslate%2C21.100.0%2CN%3Bphotogallery%2C21.200.0%2CN%3Bsearch%2C21.0.100%2CN%3Bcurrency%2C21.200.0%2CN&reqm=bitrix.eshop%2Cwebstudiosamovar.odsmarket%2Cbitrix.sitecorporate&fullmoduleinfo=Y&SUPD_SRS=RU&SUPD_CMP=N
2021-12-22 21:53:46 -  - exec CUpdateClientPartner::GetHTTPPage
2021-12-22 21:53:46 -  - TIME GetUpdatesList(request) 0.238 sec
2021-12-22 21:53:46 -  - exec CUpdateClientPartner::ParseServerData
2021-12-22 21:53:46 -  - exec CUpdateClientPartner::__CollectRequestData
2021-12-22 21:53:46 -  - exec CUpdateClientPartner::GetHTTPPage
2021-12-22 21:53:46 -  - exec CUpdateClientPartner::ParseServerData
2021-12-24 10:23:54 -  - exec CUpdateClientPartner::__CollectRequestData
2021-12-24 10:23:54 -  - exec CUpdateClientPartner::GetHTTPPage
2021-12-24 10:23:55 -  - exec CUpdateClientPartner::ParseServerData
2021-12-24 10:23:55 -  - exec CUpdateClientPartner::GetUpdatesList
2021-12-24 10:23:55 -  - exec CUpdateClientPartner::__CollectRequestData
2021-12-24 10:23:55 -  - utf=Y&lang=ru&stable=Y&CANGZIP=Y&SUPD_DBS=MYSQL&XE=N&CLIENT_SITE=test.cvetopttorg.spb.ru&LICENSE_KEY=X&SUPD_STS=1&SUPD_URS=0&SUPD_URSA=1&TYPENC=E&CLIENT_PHPVER=7.4.26&NGINX=Y&dbv=5.7.31&instm=main%2C21.850.900%2CN%3Bpull%2C22.0.0%2CN%3Bsender%2C21.400.0%2CN%3Bforum%2C21.300.100%2CN%3Bstoreassist%2C21.0.0%2CN%3Bbitrix.eshop%2C21.0.100%2CN%3Breport%2C21.200.0%2CN%3Babtest%2C21.0.0%2CN%3Bconversion%2C21.0.0%2CN%3Biblock%2C21.600.100%2CN%3Bmobileapp%2C21.0.100%2CN%3Bb24connector%2C21.100.0%2CN%3Brest%2C21.300.200%2CN%3Bui%2C21.700.100%2CN%3Bseo%2C21.400.0%2CN%3Bmessageservice%2C21.200.0%2CN%3Bform%2C21.0.0%2CN%3Bperfmon%2C21.0.0%2CN%3Bsecurity%2C21.100.100%2CN%3Bsale%2C21.600.200%2CN%3Bhighloadblock%2C21.100.0%2CN%3Bwebstudiosamovar.odsmarket%2C0.1.0%2CN%3Bblog%2C21.300.0%2CN%3Bsubscribe%2C21.0.0%2CN%3Bclouds%2C21.100.0%2CN%3Blanding%2C21.700.0%2CN%3Bbitrixcloud%2C21.0.0%2CN%3Bfileman%2C21.300.0%2CN%3Bcatalog%2C21.400.100%2CN%3Bsocialservices%2C21.300.0%2CN%3Bvote%2C21.0.0%2CN%3Bscale%2C21.0.0%2CN%3Bbitrix.sitecorporate%2C15.5.0%2CN%3Btranslate%2C21.100.0%2CN%3Bphotogallery%2C21.200.0%2CN%3Bsearch%2C21.0.100%2CN%3Bcurrency%2C21.200.0%2CN&reqm=bitrix.eshop%2Cwebstudiosamovar.odsmarket%2Cbitrix.sitecorporate&fullmoduleinfo=Y&SUPD_SRS=RU&SUPD_CMP=N
2021-12-24 10:23:55 -  - exec CUpdateClientPartner::GetHTTPPage
2021-12-24 10:23:55 -  - TIME GetUpdatesList(request) 0.203 sec
2021-12-24 10:23:55 -  - exec CUpdateClientPartner::ParseServerData
2021-12-24 10:23:55 -  - exec CUpdateClientPartner::__CollectRequestData
2021-12-24 10:23:55 -  - exec CUpdateClientPartner::GetHTTPPage
2021-12-24 10:23:55 -  - exec CUpdateClientPartner::ParseServerData
2021-12-27 10:41:54 -  - exec CUpdateClientPartner::__CollectRequestData
2021-12-27 10:41:54 -  - exec CUpdateClientPartner::GetHTTPPage
2021-12-27 10:41:54 -  - exec CUpdateClientPartner::ParseServerData
2021-12-27 10:41:54 -  - exec CUpdateClientPartner::GetUpdatesList
2021-12-27 10:41:54 -  - exec CUpdateClientPartner::__CollectRequestData
2021-12-27 10:41:54 -  - utf=Y&lang=ru&stable=Y&CANGZIP=Y&SUPD_DBS=MYSQL&XE=N&CLIENT_SITE=test.cvetopttorg.spb.ru&LICENSE_KEY=X&SUPD_STS=1&SUPD_URS=0&SUPD_URSA=1&TYPENC=E&CLIENT_PHPVER=7.4.26&NGINX=Y&dbv=5.7.31&instm=main%2C21.850.900%2CN%3Bpull%2C22.0.0%2CN%3Bsender%2C21.400.0%2CN%3Bforum%2C21.300.100%2CN%3Bstoreassist%2C21.0.0%2CN%3Bbitrix.eshop%2C21.0.100%2CN%3Breport%2C21.200.0%2CN%3Babtest%2C21.0.0%2CN%3Bconversion%2C21.0.0%2CN%3Biblock%2C21.600.100%2CN%3Bmobileapp%2C21.0.100%2CN%3Bb24connector%2C21.100.0%2CN%3Brest%2C21.300.200%2CN%3Bui%2C21.700.100%2CN%3Bseo%2C21.400.0%2CN%3Bmessageservice%2C21.200.0%2CN%3Bform%2C21.0.0%2CN%3Bperfmon%2C21.0.0%2CN%3Bsecurity%2C21.100.100%2CN%3Bsale%2C21.600.200%2CN%3Bhighloadblock%2C21.100.0%2CN%3Bwebstudiosamovar.odsmarket%2C0.1.0%2CN%3Bblog%2C21.300.0%2CN%3Bsubscribe%2C21.0.0%2CN%3Bclouds%2C21.100.0%2CN%3Blanding%2C21.700.0%2CN%3Bbitrixcloud%2C21.0.0%2CN%3Bfileman%2C21.300.0%2CN%3Bcatalog%2C21.400.100%2CN%3Bsocialservices%2C21.300.0%2CN%3Bvote%2C21.0.0%2CN%3Bscale%2C21.0.0%2CN%3Bbitrix.sitecorporate%2C15.5.0%2CN%3Btranslate%2C21.100.0%2CN%3Bphotogallery%2C21.200.0%2CN%3Bsearch%2C21.0.100%2CN%3Bcurrency%2C21.200.0%2CN&reqm=bitrix.eshop%2Cwebstudiosamovar.odsmarket%2Cbitrix.sitecorporate&fullmoduleinfo=Y&SUPD_SRS=RU&SUPD_CMP=N
2021-12-27 10:41:54 -  - exec CUpdateClientPartner::GetHTTPPage
2021-12-27 10:41:55 -  - TIME GetUpdatesList(request) 0.243 sec
2021-12-27 10:41:55 -  - exec CUpdateClientPartner::ParseServerData
2021-12-27 10:41:55 -  - exec CUpdateClientPartner::__CollectRequestData
2021-12-27 10:41:55 -  - exec CUpdateClientPartner::GetHTTPPage
2021-12-27 10:41:55 -  - exec CUpdateClientPartner::ParseServerData
2021-12-28 12:43:11 -  - exec CUpdateClientPartner::__CollectRequestData
2021-12-28 12:43:11 -  - exec CUpdateClientPartner::GetHTTPPage
2021-12-28 12:43:11 -  - exec CUpdateClientPartner::ParseServerData
2021-12-28 12:43:11 -  - exec CUpdateClientPartner::GetUpdatesList
2021-12-28 12:43:11 -  - exec CUpdateClientPartner::__CollectRequestData
2021-12-28 12:43:11 -  - utf=Y&lang=ru&stable=Y&CANGZIP=Y&SUPD_DBS=MYSQL&XE=N&CLIENT_SITE=test.cvetopttorg.spb.ru&LICENSE_KEY=X&SUPD_STS=1&SUPD_URS=0&SUPD_URSA=1&TYPENC=E&CLIENT_PHPVER=7.4.26&NGINX=Y&dbv=5.7.31&instm=main%2C21.850.900%2CN%3Bpull%2C22.0.0%2CN%3Bsender%2C21.400.0%2CN%3Bforum%2C21.300.100%2CN%3Bstoreassist%2C21.0.0%2CN%3Bbitrix.eshop%2C21.0.100%2CN%3Breport%2C21.200.0%2CN%3Babtest%2C21.0.0%2CN%3Bconversion%2C21.0.0%2CN%3Biblock%2C21.600.100%2CN%3Bmobileapp%2C21.0.100%2CN%3Bb24connector%2C21.100.0%2CN%3Brest%2C21.300.200%2CN%3Bui%2C21.700.100%2CN%3Bseo%2C21.400.0%2CN%3Bmessageservice%2C21.200.0%2CN%3Bform%2C21.0.0%2CN%3Bperfmon%2C21.0.0%2CN%3Bsecurity%2C21.100.100%2CN%3Bsale%2C21.600.200%2CN%3Bhighloadblock%2C21.100.0%2CN%3Bwebstudiosamovar.odsmarket%2C0.1.0%2CN%3Bblog%2C21.300.0%2CN%3Bsubscribe%2C21.0.0%2CN%3Bclouds%2C21.100.0%2CN%3Blanding%2C21.700.0%2CN%3Bbitrixcloud%2C21.0.0%2CN%3Bfileman%2C21.300.0%2CN%3Bcatalog%2C21.400.100%2CN%3Bsocialservices%2C21.300.0%2CN%3Bvote%2C21.0.0%2CN%3Bscale%2C21.0.0%2CN%3Bbitrix.sitecorporate%2C15.5.0%2CN%3Btranslate%2C21.100.0%2CN%3Bphotogallery%2C21.200.0%2CN%3Bsearch%2C21.0.100%2CN%3Bcurrency%2C21.200.0%2CN&reqm=bitrix.eshop%2Cwebstudiosamovar.odsmarket%2Cbitrix.sitecorporate&fullmoduleinfo=Y&SUPD_SRS=RU&SUPD_CMP=N
2021-12-28 12:43:11 -  - exec CUpdateClientPartner::GetHTTPPage
2021-12-28 12:43:29 -  - TIME GetUpdatesList(request) 17.489 sec
2021-12-28 12:43:29 -  - exec CUpdateClientPartner::ParseServerData
2021-12-28 12:43:29 -  - exec CUpdateClientPartner::__CollectRequestData
2021-12-28 12:43:29 -  - exec CUpdateClientPartner::GetHTTPPage
2021-12-28 12:43:29 -  - exec CUpdateClientPartner::ParseServerData
2021-12-29 13:19:42 -  - exec CUpdateClientPartner::__CollectRequestData
2021-12-29 13:19:42 -  - exec CUpdateClientPartner::GetHTTPPage
2021-12-29 13:19:43 -  - exec CUpdateClientPartner::ParseServerData
2021-12-29 13:19:43 -  - exec CUpdateClientPartner::GetUpdatesList
2021-12-29 13:19:43 -  - exec CUpdateClientPartner::__CollectRequestData
2021-12-29 13:19:43 -  - utf=Y&lang=ru&stable=Y&CANGZIP=Y&SUPD_DBS=MYSQL&XE=N&CLIENT_SITE=test.cvetopttorg.spb.ru&LICENSE_KEY=X&SUPD_STS=1&SUPD_URS=0&SUPD_URSA=1&TYPENC=E&CLIENT_PHPVER=7.4.26&NGINX=Y&dbv=5.7.31&instm=main%2C21.850.900%2CN%3Bpull%2C22.0.0%2CN%3Bsender%2C21.400.0%2CN%3Bforum%2C21.300.100%2CN%3Bstoreassist%2C21.0.0%2CN%3Bbitrix.eshop%2C21.0.100%2CN%3Breport%2C21.200.0%2CN%3Babtest%2C21.0.0%2CN%3Bconversion%2C21.0.0%2CN%3Biblock%2C21.600.100%2CN%3Bmobileapp%2C21.0.100%2CN%3Bb24connector%2C21.100.0%2CN%3Brest%2C21.300.200%2CN%3Bui%2C21.700.100%2CN%3Bseo%2C21.400.0%2CN%3Bmessageservice%2C21.200.0%2CN%3Bform%2C21.0.0%2CN%3Bperfmon%2C21.0.0%2CN%3Bsecurity%2C21.100.100%2CN%3Bsale%2C21.600.200%2CN%3Bhighloadblock%2C21.100.0%2CN%3Bwebstudiosamovar.odsmarket%2C0.1.0%2CN%3Bblog%2C21.300.0%2CN%3Bsubscribe%2C21.0.0%2CN%3Bclouds%2C21.100.0%2CN%3Blanding%2C21.700.0%2CN%3Bbitrixcloud%2C21.0.0%2CN%3Bfileman%2C21.300.0%2CN%3Bcatalog%2C21.400.100%2CN%3Bsocialservices%2C21.300.0%2CN%3Bvote%2C21.0.0%2CN%3Bscale%2C21.0.0%2CN%3Bbitrix.sitecorporate%2C15.5.0%2CN%3Btranslate%2C21.100.0%2CN%3Bphotogallery%2C21.200.0%2CN%3Bsearch%2C21.0.100%2CN%3Bcurrency%2C21.200.0%2CN&reqm=bitrix.eshop%2Cwebstudiosamovar.odsmarket%2Cbitrix.sitecorporate&fullmoduleinfo=Y&SUPD_SRS=RU&SUPD_CMP=N
2021-12-29 13:19:43 -  - exec CUpdateClientPartner::GetHTTPPage
2021-12-29 13:19:43 -  - TIME GetUpdatesList(request) 0.219 sec
2021-12-29 13:19:43 -  - exec CUpdateClientPartner::ParseServerData
2021-12-29 13:19:43 -  - exec CUpdateClientPartner::__CollectRequestData
2021-12-29 13:19:43 -  - exec CUpdateClientPartner::GetHTTPPage
2021-12-29 13:19:43 -  - exec CUpdateClientPartner::ParseServerData
